Arguments: 
  C:\Program Files\nodejs\node.exe C:\Users\ttung\AppData\Roaming\npm\node_modules\yarn\bin\yarn.js add leaflet-filterable-layer-control

PATH: 
  C:\Users\ttung\AppData\Local\Yarn\config\global\node_modules\.bin;C:\Users\ttung\AppData\Roaming\npm;C:\Users\ttung\AppData\Roaming\Composer\vendor\bin;;E:\PROGRAM\laragon\bin\laragon\utils;E:\PROGRAM\laragon\bin\mysql\mysql-5.7.24-winx64\bin;E:\PROGRAM\laragon\bin\php\php-7.2.11-Win32-VC15-x64;E:\PROGRAM\laragon\bin\composer;E:\PROGRAM\laragon\bin\apache\httpd-2.4.35-win64-VC15\bin;E:\PROGRAM\laragon\bin\redis\redis-x64-3.2.100;E:\PROGRAM\laragon\bin\nginx\nginx-1.14.0;E:\PROGRAM\laragon\bin\notepad++;E:\PROGRAM\laragon\bin\telnet;E:\PROGRAM\laragon\bin\ngrok;E:\PROGRAM\laragon\bin;E:\PROGRAM\laragon\usr\bin;E:\PROGRAM\laragon\bin\putty;E:\PROGRAM\laragon\bin\cmder\bin;E:\PROGRAM\laragon\bin\cmder\vendor\conemu-maximus5\ConEmu\Scripts;E:\PROGRAM\laragon\bin\cmder\vendor\conemu-maximus5;E:\PROGRAM\laragon\bin\cmder\vendor\conemu-maximus5\ConEmu;C:\ProgramData\DockerDesktop\version-bin;C:\Program Files\Docker\Docker\Resources\bin;C:\Program Files (x86)\Common Files\Oracle\Java\javapath;C:\Program Files (x86)\Common Files\Intel\Shared Libraries\redist\intel64\compiler;C:\WINDOWS\system32;C:\WINDOWS;C:\WINDOWS\System32\Wbem;C:\WINDOWS\System32\WindowsPowerShell\v1.0\;C:\WINDOWS\System32\OpenSSH\;C:\Program Files\nodejs\;C:\Program Files\TortoiseSVN\bin;C:\Program Files\Git\cmd;E:\PROGRAM\laragon\bin\composer;E:\PROGRAM\laragon\bin\php\php-7.2.11-Win32-VC15-x64;C:\Users\ttung\AppData\Local\Android\Sdk\platform-tools;C:\Users\ttung\AppData\Local\Android\Sdk\tools;E:\PROGRAM\laragon\bin\mysql\mysql-5.7.24-winx64\bin;E:\PROGRAM\FME\;C:\Ruby25-x64\bin;C:\Users\ttung\AppData\Local\Microsoft\WindowsApps;C:\Users\ttung\AppData\Roaming\npm;C:\Users\ttung\AppData\Local\GitHubDesktop\bin;E:\PROGRAM\Microsoft VS Code\bin;C:\Program Files\Git\usr\bin;C:\Program Files\Git\usr\share\vim\vim74;E:\PROGRAM\laragon\bin\cmder\;

Yarn version: 
  1.12.3

Node version: 
  11.3.0

Platform: 
  win32 x64

Trace: 
  Error: https://registry.yarnpkg.com/leaflet-filterable-layer-control: Not found
      at Request.params.callback [as _callback] (C:\Users\ttung\AppData\Roaming\npm\node_modules\yarn\lib\cli.js:65894:18)
      at Request.self.callback (C:\Users\ttung\AppData\Roaming\npm\node_modules\yarn\lib\cli.js:129018:22)
      at Request.emit (events.js:182:13)
      at Request.<anonymous> (C:\Users\ttung\AppData\Roaming\npm\node_modules\yarn\lib\cli.js:129990:10)
      at Request.emit (events.js:182:13)
      at IncomingMessage.<anonymous> (C:\Users\ttung\AppData\Roaming\npm\node_modules\yarn\lib\cli.js:129912:12)
      at Object.onceWrapper (events.js:273:13)
      at IncomingMessage.emit (events.js:187:15)
      at endReadableNT (_stream_readable.js:1098:12)
      at process.internalTickCallback (internal/process/next_tick.js:72:19)

npm manifest: 
  {
    "dependencies": {
      "leaflet": "^1.5.1",
      "leaflet-contextmenu": "^1.4.0",
      "leaflet-extra-markers": "^1.1.0",
      "leaflet-groupedlayercontrol": "^0.6.1",
      "leaflet.gridlayer.googlemutant": "^0.8.0",
      "leaflet.locatecontrol": "^0.67.0",
      "proj4": "^2.5.0"
    }
  }

yarn manifest: 
  No manifest

Lockfile: 
  # THIS IS AN AUTOGENERATED FILE. DO NOT EDIT THIS FILE DIRECTLY.
  # yarn lockfile v1
  
  
  leaflet-contextmenu@^1.4.0:
    version "1.4.0"
    resolved "https://registry.yarnpkg.com/leaflet-contextmenu/-/leaflet-contextmenu-1.4.0.tgz#e2bda481af1026080eabaa32997e531fd44f605c"
    integrity sha1-4r2kga8QJggOq6oymX5TH9RPYFw=
  
  leaflet-extra-markers@^1.1.0:
    version "1.1.0"
    resolved "https://registry.yarnpkg.com/leaflet-extra-markers/-/leaflet-extra-markers-1.1.0.tgz#df1cec315ed05f0fdcc9191a7c3abc9996710958"
    integrity sha512-yTjHfpnyjfN4sogXSA4W8qz9M/m6z1oe3y8k3/Bi+w8E4i3uXRv5I/pPzgU5QjqjvH6iLAT+4zcDnPd/UVwlfg==
  
  leaflet-groupedlayercontrol@^0.6.1:
    version "0.6.1"
    resolved "https://registry.yarnpkg.com/leaflet-groupedlayercontrol/-/leaflet-groupedlayercontrol-0.6.1.tgz#cb7097c798c6b4dee644e8ab84c0e70b6a3e1caa"
    integrity sha1-y3CXx5jGtN7mROirhMDnC2o+HKo=
    dependencies:
      leaflet "^1.0.1"
  
  leaflet.gridlayer.googlemutant@^0.8.0:
    version "0.8.0"
    resolved "https://registry.yarnpkg.com/leaflet.gridlayer.googlemutant/-/leaflet.gridlayer.googlemutant-0.8.0.tgz#9636630cb669577f5bc55ff171dd0a3cc44ece1e"
    integrity sha512-Ain+jgDKRhlM6qNDDj2QFJa9vXUqV096N0PmpHO3DoNLS4I7EynTQCJXN+9qY4C51ZpV4Q4CI+apNv5XiP5aUA==
  
  leaflet.locatecontrol@^0.67.0:
    version "0.67.0"
    resolved "https://registry.yarnpkg.com/leaflet.locatecontrol/-/leaflet.locatecontrol-0.67.0.tgz#adfeebfd662f61d639a5a5fba362368579f8ac55"
    integrity sha512-3R8jYBwYyXc5Ka7bZvx6naWUvfmJTGJfZ2o/ZWombhCK7NkOxEpwFA3bhW9/BRZ99cLyjeNuLUaLwcPrMKYrjA==
  
  leaflet@^1.0.1, leaflet@^1.5.1:
    version "1.5.1"
    resolved "https://registry.yarnpkg.com/leaflet/-/leaflet-1.5.1.tgz#9afb9d963d66c870066b1342e7a06f92840f46bf"
    integrity sha512-ekM9KAeG99tYisNBg0IzEywAlp0hYI5XRipsqRXyRTeuU8jcuntilpp+eFf5gaE0xubc9RuSNIVtByEKwqFV0w==
  
  mgrs@1.0.0:
    version "1.0.0"
    resolved "https://registry.yarnpkg.com/mgrs/-/mgrs-1.0.0.tgz#fb91588e78c90025672395cb40b25f7cd6ad1829"
    integrity sha1-+5FYjnjJACVnI5XLQLJffNatGCk=
  
  proj4@^2.5.0:
    version "2.5.0"
    resolved "https://registry.yarnpkg.com/proj4/-/proj4-2.5.0.tgz#e3a88ce7e7a07221aaccbc6760dd2eafee745f03"
    integrity sha512-XZTRT7OPdLzgvtTqL8DG2cEj8lYdovztOwiwpwRSYayOty5Ipf3H68dh/fiL+HKDEyetmQSMhkkMGiJoyziz3w==
    dependencies:
      mgrs "1.0.0"
      wkt-parser "^1.2.0"
  
  wkt-parser@^1.2.0:
    version "1.2.3"
    resolved "https://registry.yarnpkg.com/wkt-parser/-/wkt-parser-1.2.3.tgz#240fe1dacc816bfe5674b66180041059eaa9a9ba"
    integrity sha512-s7zrOedGuHbbzMaQOuf8HacuCYp3LmmrHjkkN//7UEAzsYz7xJ6J+j/84ZWZkQcrRqi3xXyuc4odPHj7PEB0bw==
